1615471713236	geckodriver	INFO	Listening on 127.0.0.1:49761
1615471713830	mozrunner::runner	INFO	Running command: "C:\\Program Files\\Mozilla Firefox\\firefox.exe" "--marionette" "-foreground" "-no-remote" "-profile" "C:\\Users\\SSV\\AppData\\Local\\Temp\\rust_mozprofile86IW4E"
console.warn: SearchSettings: "get: No settings file exists, new profile?" (new Error("", "(unknown module)"))
1615471732423	Marionette	INFO	Listening on port 49766
1615471732639	Marionette	WARN	TLS certificate errors will be ignored for this session
JavaScript warning: https://stepik.azureedge.net/static/frontend-build/vendor.js?v=1615308170, line 2475: unreachable code after return statement
[Parent 5060, IPC I/O Parent] WARNING: file /builds/worker/checkouts/gecko/ipc/chromium/src/base/process_util_win.cc:167
[Parent 5060, IPC I/O Parent] WARNING: file /builds/worker/checkouts/gecko/ipc/chromium/src/base/process_util_win.cc:167
1615471765173	Marionette	INFO	Stopped listening on port 49766

###!!! [Child][RunMessage] Error: Channel closing: too late to send/recv, messages will be lost

1615472809593	geckodriver	INFO	Listening on 127.0.0.1:49953
1615472810155	mozrunner::runner	INFO	Running command: "C:\\Program Files\\Mozilla Firefox\\firefox.exe" "--marionette" "-foreground" "-no-remote" "-profile" "C:\\Users\\SSV\\AppData\\Local\\Temp\\rust_mozprofile77mcXn"
console.warn: SearchSettings: "get: No settings file exists, new profile?" (new Error("", "(unknown module)"))
1615472814710	Marionette	INFO	Listening on port 49958
1615472814979	Marionette	WARN	TLS certificate errors will be ignored for this session
JavaScript warning: https://stepik.azureedge.net/static/frontend-build/vendor.js?v=1615308170, line 2475: unreachable code after return statement

###!!! [Child][RunMessage] Error: Channel closing: too late to send/recv, messages will be lost

1615472831030	Marionette	INFO	Stopped listening on port 49958

###!!! [Child][RunMessage] Error: Channel closing: too late to send/recv, messages will be lost

1615473792110	geckodriver	INFO	Listening on 127.0.0.1:50378
1615473792671	mozrunner::runner	INFO	Running command: "C:\\Program Files\\Mozilla Firefox\\firefox.exe" "--marionette" "-foreground" "-no-remote" "-profile" "C:\\Users\\SSV\\AppData\\Local\\Temp\\rust_mozprofile7LVUhJ"
console.warn: SearchSettings: "get: No settings file exists, new profile?" (new Error("", "(unknown module)"))
1615473796119	Marionette	INFO	Listening on port 50384
1615473796361	Marionette	WARN	TLS certificate errors will be ignored for this session
